-------------------------------------------------------------------------------
Test set: Registration and login into demowebshop #2
-------------------------------------------------------------------------------
Tests run: 2, Failures: 1, Errors: 0, Skipped: 0, Time elapsed: 139.223 s <<< FAILURE! - in Registration and login into demowebshop #2
userlogin with unauthorized user(Registration and login into demowebshop #2)  Time elapsed: 68.944 s  <<< FAILURE!
java.lang.AssertionError

