<?xml version="1.0" encoding="UTF-8"?>
<testsuite xmlns:xsi="http://www.w3.org/2001/XMLSchema-instance" xsi:noNamespaceSchemaLocation="https://maven.apache.org/surefire/maven-failsafe-plugin/xsd/failsafe-test-report-3.0.xsd" version="3.0" name="Registration and login into demowebshop #1" time="71.581" tests="1" errors="1" skipped="0" failures="0">
  <properties>
[...]
</properties>
  <testcase name="Registring user account in webshop portal" classname="Registration and login into demowebshop #1" time="71.581">
    <error message="no such element: Unable to locate element: {&quot;method&quot;:&quot;xpath&quot;,&quot;selector&quot;:&quot;//div[@class=&apos;result&apos;]&quot;}&#10;  (Session info: MicrosoftEdge=89.0.774.45)&#10;For documentation on this error, please visit: https://www.seleniumhq.org/exceptions/no_such_element.html&#10;Build info: version: &apos;3.141.59&apos;, revision: &apos;e82be7d358&apos;, time: &apos;2018-11-14T08:17:03&apos;&#10;System info: host: &apos;L-156180933&apos;, ip: &apos;192.168.225.45&apos;, os.name: &apos;Windows 10&apos;, os.arch: &apos;amd64&apos;, os.version: &apos;10.0&apos;, java.version: &apos;1.8.0_251&apos;&#10;Driver info: org.openqa.selenium.edge.EdgeDriver&#10;Capabilities {acceptInsecureCerts: false, browserName: msedge, browserVersion: 89.0.774.45, javascriptEnabled: true, ms:edgeOptions: {debuggerAddress: localhost:57169}, msedge: {msedgedriverVersion: 89.0.774.45 (bb55f48a0d369c..., userDataDir: C:\Users\SU316247\AppData\L...}, networkConnectionEnabled: false, pageLoadStrategy: normal, platform: WINDOWS, platformName: WINDOWS, proxy: Proxy(), setWindowRect: true, strictFileInteractability: false, timeouts: {implicit: 0, pageLoad: 300000, script: 30000}, unhandledPromptBehavior: dismiss and notify, webauthn:extension:largeBlob: true, webauthn:virtualAuthenticators: true}&#10;Session ID: 1ae5ecb2d865bbfeb5ee03080334162b&#10;*** Element info: {Using=xpath, value=//div[@class=&apos;result&apos;]}" type="org.openqa.selenium.NoSuchElementException">org.openqa.selenium.NoSuchElementException: 
no such element: Unable to locate element: {"method":"xpath","selector":"//div[@class='result']"}
  (Session info: MicrosoftEdge=89.0.774.45)
For documentation on this error, please visit: https://www.seleniumhq.org/exceptions/no_such_element.html
Build info: version: '3.141.59', revision: 'e82be7d358', time: '2018-11-14T08:17:03'
System info: host: 'L-156180933', ip: '192.168.225.45', os.name: 'Windows 10', os.arch: 'amd64', os.version: '10.0', java.version: '1.8.0_251'
Driver info: org.openqa.selenium.edge.EdgeDriver
Capabilities {acceptInsecureCerts: false, browserName: msedge, browserVersion: 89.0.774.45, javascriptEnabled: true, ms:edgeOptions: {debuggerAddress: localhost:57169}, msedge: {msedgedriverVersion: 89.0.774.45 (bb55f48a0d369c..., userDataDir: C:\Users\SU316247\AppData\L...}, networkConnectionEnabled: false, pageLoadStrategy: normal, platform: WINDOWS, platformName: WINDOWS, proxy: Proxy(), setWindowRect: true, strictFileInteractability: false, timeouts: {implicit: 0, pageLoad: 300000, script: 30000}, unhandledPromptBehavior: dismiss and notify, webauthn:extension:largeBlob: true, webauthn:virtualAuthenticators: true}
Session ID: 1ae5ecb2d865bbfeb5ee03080334162b
*** Element info: {Using=xpath, value=//div[@class='result']}
</error>
    <system-out><![CDATA[
Scenario: Registring user account in webshop portal             # src/test/resources/com/bdd/features/Registration.feature:3
  Given user landed registration page "Demo Web Shop. Register" # com.bdd.stepDefinitions.RegistrationPage.user_landed_registration_page(java.lang.String)
  Then click on the option male                                 # com.bdd.stepDefinitions.RegistrationPage.click_on_the_option_male()
  And Enter the data for the below fields                       # com.bdd.stepDefinitions.RegistrationPage.enter_the_data_for_the_below_fields(io.cucumber.datatable.DataTable)
  When click on the register button                             # com.bdd.stepDefinitions.RegistrationPage.click_on_the_register_button()
  Then validate the resgitration success msg                    # com.bdd.stepDefinitions.RegistrationPage.validate_the_resgitration_success_msg()
      org.openqa.selenium.NoSuchElementException: no such element: Unable to locate element: {"method":"xpath","selector":"//div[@class='result']"}
  (Session info: MicrosoftEdge=89.0.774.45)
For documentation on this error, please visit: https://www.seleniumhq.org/exceptions/no_such_element.html
Build info: version: '3.141.59', revision: 'e82be7d358', time: '2018-11-14T08:17:03'
System info: host: 'L-156180933', ip: '192.168.225.45', os.name: 'Windows 10', os.arch: 'amd64', os.version: '10.0', java.version: '1.8.0_251'
Driver info: org.openqa.selenium.edge.EdgeDriver
Capabilities {acceptInsecureCerts: false, browserName: msedge, browserVersion: 89.0.774.45, javascriptEnabled: true, ms:edgeOptions: {debuggerAddress: localhost:57169}, msedge: {msedgedriverVersion: 89.0.774.45 (bb55f48a0d369c..., userDataDir: C:\Users\SU316247\AppData\L...}, networkConnectionEnabled: false, pageLoadStrategy: normal, platform: WINDOWS, platformName: WINDOWS, proxy: Proxy(), setWindowRect: true, strictFileInteractability: false, timeouts: {implicit: 0, pageLoad: 300000, script: 30000}, unhandledPromptBehavior: dismiss and notify, webauthn:extension:largeBlob: true, webauthn:virtualAuthenticators: true}
Session ID: 1ae5ecb2d865bbfeb5ee03080334162b
*** Element info: {Using=xpath, value=//div[@class='result']}
	at sun.reflect.NativeConstructorAccessorImpl.newInstance0(Native Method)
	at sun.reflect.NativeConstructorAccessorImpl.newInstance(NativeConstructorAccessorImpl.java:62)
	at sun.reflect.DelegatingConstructorAccessorImpl.newInstance(DelegatingConstructorAccessorImpl.java:45)
	at java.lang.reflect.Constructor.newInstance(Constructor.java:423)
	at org.openqa.selenium.remote.http.W3CHttpResponseCodec.createException(W3CHttpResponseCodec.java:187)
	at org.openqa.selenium.remote.http.W3CHttpResponseCodec.decode(W3CHttpResponseCodec.java:122)
	at org.openqa.selenium.remote.http.W3CHttpResponseCodec.decode(W3CHttpResponseCodec.java:49)
	at org.openqa.selenium.remote.HttpCommandExecutor.execute(HttpCommandExecutor.java:158)
	at org.openqa.selenium.remote.service.DriverCommandExecutor.execute(DriverCommandExecutor.java:83)
	at org.openqa.selenium.remote.RemoteWebDriver.execute(RemoteWebDriver.java:552)
	at org.openqa.selenium.remote.RemoteWebDriver.findElement(RemoteWebDriver.java:323)
	at org.openqa.selenium.remote.RemoteWebDriver.findElementByXPath(RemoteWebDriver.java:428)
	at org.openqa.selenium.By$ByXPath.findElement(By.java:353)
	at org.openqa.selenium.remote.RemoteWebDriver.findElement(RemoteWebDriver.java:315)
	at com.bdd.pageObjects.Registration.validateRegisterSuccessMessage(Registration.java:81)
	at com.bdd.stepDefinitions.RegistrationPage.validate_the_resgitration_success_msg(RegistrationPage.java:65)
	at âœ½.validate the resgitration success msg(file:///G:/Eclipse%20Projects/hybridBDD/src/test/resources/com/bdd/features/Registration.feature:11)

  And click continue                                            # com.bdd.stepDefinitions.RegistrationPage.click_continue()
  Then validate current userinformation "test_12345@test.in"    # com.bdd.stepDefinitions.loginPageStepFile.validate_current_userinformation(java.lang.String)
  And Logout the application                                    # com.bdd.stepDefinitions.RegistrationPage.logout_the_application()

    Embedding _R_e_g_i_s_t_r_i_n_g_ _u_s_e_r_ _a_c_c_o_u_n_t_ _i_n_ _w_e_b_s_h_o_p_ _p_o_r_t_a_l_ [image/png 56214 bytes]

]]></system-out>
    <system-err><![CDATA[Starting MSEdgeDriver 89.0.774.45 (bb55f48a0d369c43828d1b214a80c5166f640ee2) on port 42204
Only local connections are allowed.
Please see https://chromedriver.chromium.org/security-considerations for suggestions on keeping MSEdgeDriver safe.
MSEdgeDriver was started successfully.
Mar 06, 2021 5:40:24 PM org.openqa.selenium.remote.ProtocolHandshake createSession
INFO: Detected dialect: W3C
]]></system-err>
  </testcase>
</testsuite>